Source: serial@/dev/ttyUSB0:tmote
Experiment ID: 3
Number of packets to transmit: 5
Radio channel: 17
Delta Time [ms]: 20000
Pure PLR Experiment
Received Statistics from Node: 0 Nr Hop:0 Seq N:0 Stats Retx:1 (Experiment ID: 0 got from node 0 - 20:29:22 @ 15-03-2010)Node: 0 Support Data: Avg Temperature:29.470000000000006 Avg Humidity:10.755347200000001 Init Battery:2.9626465 End Battery:2.9560547 Radio Activations:0
Ref ID	Rcv	RSSI[dBm]	LQI
1	5	-52	94
2	5	-45	51
3	5	-58	88
4	5	-51	70
5	5	-51	95
6	5	-39	30
7	5	-43	53
8	5	-43	52
9	0	0	0
10	5	-48	73
11	5	-52	120
12	5	-49	97
13	5	-42	2
14	5	-46	75
15	5	-55	117
Waiting for: 

Node 0 < 1 2 >
Node 1 < 0 1 2 >
Node 2 < 0 1 2 >
Node 3 < 0 1 2 >
Node 4 < 0 1 2 >
Node 5 < 0 1 2 >
Node 6 < 0 1 2 >
Node 7 < 0 1 2 >
Node 8 < 0 1 2 >
Node 9 < 0 1 2 >
Node 10 < 0 1 2 >
Node 11 < 0 1 2 >
Node 12 < 0 1 2 >
Node 13 < 0 1 2 >
Node 14 < 0 1 2 >
Node 15 < 0 1 2 >
Node 16 < 0 1 2 >
Node 17 < 0 1 2 >
Node 18 < 0 1 2 >
Node 19 < 0 1 2 >
Node 20 < 0 1 2 >
Node 21 < 0 1 2 >
Node 22 < 0 1 2 >
Node 23 < 0 1 2 >
Node 24 < 0 1 2 >
Node 25 < 0 1 2 >
Node 26 < 0 1 2 >
Node 27 < 0 1 2 >
Node 28 < 0 1 2 >
Node 29 < 0 1 2 >
Node 30 < 0 1 2 >
Node 31 < 0 1 2 >
Node 32 < 0 1 2 >
Node 33 < 0 1 2 >
Node 34 < 0 1 2 >
Node 35 < 0 1 2 >
Node 36 < 0 1 2 >
Node 37 < 0 1 2 >
Node 38 < 0 1 2 >
Node 39 < 0 1 2 >
Node 40 < 0 1 2 >
Node 41 < 0 1 2 >
Node 42 < 0 1 2 >


Received Statistics from Node: 1 Nr Hop:0 Seq N:0 Stats Retx:1 (Experiment ID: 0 got from node 0 - 20:29:27 @ 15-03-2010)Node: 1 Support Data: Avg Temperature:25.9 Avg Humidity:13.6959772 Init Battery:2.9992676 End Battery:2.9992676 Radio Activations:0
Ref ID	Rcv	RSSI[dBm]	LQI
0	5	-37	33
2	5	-31	39
3	5	-39	57
4	5	-34	36
5	5	-40	4
6	5	-27	17
7	5	-32	13
8	5	-34	36
9	0	0	0
10	5	-40	30
11	5	-40	30
12	5	-44	26
13	5	-43	27
14	5	-45	50
15	5	-46	49
Waiting for: 

Node 0 < 1 2 >
Node 1 < 1 2 >
Node 2 < 0 1 2 >
Node 3 < 0 1 2 >
Node 4 < 0 1 2 >
Node 5 < 0 1 2 >
Node 6 < 0 1 2 >
Node 7 < 0 1 2 >
Node 8 < 0 1 2 >
Node 9 < 0 1 2 >
Node 10 < 0 1 2 >
Node 11 < 0 1 2 >
Node 12 < 0 1 2 >
Node 13 < 0 1 2 >
Node 14 < 0 1 2 >
Node 15 < 0 1 2 >
Node 16 < 0 1 2 >
Node 17 < 0 1 2 >
Node 18 < 0 1 2 >
Node 19 < 0 1 2 >
Node 20 < 0 1 2 >
Node 21 < 0 1 2 >
Node 22 < 0 1 2 >
Node 23 < 0 1 2 >
Node 24 < 0 1 2 >
Node 25 < 0 1 2 >
Node 26 < 0 1 2 >
Node 27 < 0 1 2 >
Node 28 < 0 1 2 >
Node 29 < 0 1 2 >
Node 30 < 0 1 2 >
Node 31 < 0 1 2 >
Node 32 < 0 1 2 >
Node 33 < 0 1 2 >
Node 34 < 0 1 2 >
Node 35 < 0 1 2 >
Node 36 < 0 1 2 >
Node 37 < 0 1 2 >
Node 38 < 0 1 2 >
Node 39 < 0 1 2 >
Node 40 < 0 1 2 >
Node 41 < 0 1 2 >
Node 42 < 0 1 2 >


Received Statistics from Node: 2 Nr Hop:0 Seq N:0 Stats Retx:1 (Experiment ID: 0 got from node 0 - 20:29:28 @ 15-03-2010)Node: 2 Support Data: Avg Temperature:25.300000000000004 Avg Humidity:14.3028508 Init Battery:2.9992676 End Battery:2.9992676 Radio Activations:0
Ref ID	Rcv	RSSI[dBm]	LQI
0	5	-41	54
1	5	-48	47
3	5	-32	38
4	5	-26	18
5	5	-34	11
6	5	-23	21
7	5	-22	22
8	5	-29	40
9	0	0	0
10	5	-35	35
11	5	-39	5
12	5	-50	71
13	5	-46	24
14	5	-45	76
15	5	-44	26
Waiting for: 

Node 0 < 1 2 >
Node 1 < 1 2 >
Node 2 < 1 2 >
Node 3 < 0 1 2 >
Node 4 < 0 1 2 >
Node 5 < 0 1 2 >
Node 6 < 0 1 2 >
Node 7 < 0 1 2 >
Node 8 < 0 1 2 >
Node 9 < 0 1 2 >
Node 10 < 0 1 2 >
Node 11 < 0 1 2 >
Node 12 < 0 1 2 >
Node 13 < 0 1 2 >
Node 14 < 0 1 2 >
Node 15 < 0 1 2 >
Node 16 < 0 1 2 >
Node 17 < 0 1 2 >
Node 18 < 0 1 2 >
Node 19 < 0 1 2 >
Node 20 < 0 1 2 >
Node 21 < 0 1 2 >
Node 22 < 0 1 2 >
Node 23 < 0 1 2 >
Node 24 < 0 1 2 >
Node 25 < 0 1 2 >
Node 26 < 0 1 2 >
Node 27 < 0 1 2 >
Node 28 < 0 1 2 >
Node 29 < 0 1 2 >
Node 30 < 0 1 2 >
Node 31 < 0 1 2 >
Node 32 < 0 1 2 >
Node 33 < 0 1 2 >
Node 34 < 0 1 2 >
Node 35 < 0 1 2 >
Node 36 < 0 1 2 >
Node 37 < 0 1 2 >
Node 38 < 0 1 2 >
Node 39 < 0 1 2 >
Node 40 < 0 1 2 >
Node 41 < 0 1 2 >
Node 42 < 0 1 2 >


Received Statistics from Node: 3 Nr Hop:0 Seq N:0 Stats Retx:1 (Experiment ID: 0 got from node 0 - 20:29:29 @ 15-03-2010)Node: 3 Support Data: Avg Temperature:25.46 Avg Humidity:12.248906800000002 Init Battery:2.9992676 End Battery:2.9992676 Radio Activations:0
Ref ID	Rcv	RSSI[dBm]	LQI
0	5	-45	50
1	5	-47	48
2	5	-25	19
4	5	-15	29
5	5	-24	20
6	5	-24	20
7	5	-21	24
8	5	-16	29
9	0	0	0
10	5	-25	19
11	5	-30	14
12	5	-31	13
13	5	-36	8
14	5	-41	4
15	5	-39	5
Waiting for: 

Node 0 < 1 2 >
Node 1 < 1 2 >
Node 2 < 1 2 >
Node 3 < 1 2 >
Node 4 < 0 1 2 >
Node 5 < 0 1 2 >
Node 6 < 0 1 2 >
Node 7 < 0 1 2 >
Node 8 < 0 1 2 >
Node 9 < 0 1 2 >
Node 10 < 0 1 2 >
Node 11 < 0 1 2 >
Node 12 < 0 1 2 >
Node 13 < 0 1 2 >
Node 14 < 0 1 2 >
Node 15 < 0 1 2 >
Node 16 < 0 1 2 >
Node 17 < 0 1 2 >
Node 18 < 0 1 2 >
Node 19 < 0 1 2 >
Node 20 < 0 1 2 >
Node 21 < 0 1 2 >
Node 22 < 0 1 2 >
Node 23 < 0 1 2 >
Node 24 < 0 1 2 >
Node 25 < 0 1 2 >
Node 26 < 0 1 2 >
Node 27 < 0 1 2 >
Node 28 < 0 1 2 >
Node 29 < 0 1 2 >
Node 30 < 0 1 2 >
Node 31 < 0 1 2 >
Node 32 < 0 1 2 >
Node 33 < 0 1 2 >
Node 34 < 0 1 2 >
Node 35 < 0 1 2 >
Node 36 < 0 1 2 >
Node 37 < 0 1 2 >
Node 38 < 0 1 2 >
Node 39 < 0 1 2 >
Node 40 < 0 1 2 >
Node 41 < 0 1 2 >
Node 42 < 0 1 2 >


